[21Jun2025 00:00:07.684] [Server thread/WARN] [net.minecraft.server.network.ServerGamePacketListenerImpl/]: Ferlein moved too quickly! -16.49575796924927,8.137575929791396,-0.9465199375730151
[21Jun2025 00:00:42.238] [Server thread/WARN] [net.minecraft.server.network.ServerGamePacketListenerImpl/]: Ferlein moved too quickly! -10.524847693441927,-0.78252337575627,-0.0027583745681454275
[21Jun2025 00:01:03.932] [Server thread/WARN] [net.minecraft.server.network.ServerGamePacketListenerImpl/]: Ferlein moved wrongly!
[21Jun2025 00:01:28.518] [Server thread/WARN] [net.minecraft.server.network.ServerGamePacketListenerImpl/]: Ferlein moved too quickly! 10.106629225584754,0.0,-0.049037526380232066
[21Jun2025 00:01:45.865] [Server thread/WARN] [net.minecraft.server.network.ServerGamePacketListenerImpl/]: Ferlein moved too quickly! 10.0553221065299,0.0,0.8829327268872476
[21Jun2025 00:02:06.315] [Server thread/WARN] [net.minecraft.server.network.ServerGamePacketListenerImpl/]: Ferlein moved too quickly! 17.74071842720582,0.9102329971281478,-0.9889779362226534
[21Jun2025 00:04:45.210] [Server thread/INFO] [net.minecraft.server.network.ServerGamePacketListenerImpl/]: Ferlein lost connection: Disconnected
[21Jun2025 00:04:45.211] [Server thread/INFO] [net.minecraft.server.MinecraftServer/]: Ferlein left the game
[21Jun2025 00:04:45.213] [Server thread/INFO] [net.fexcraft.mod.fsmm.FSMM/]: Unloading account of literal{Ferlein} || 0e6df4b7-2964-3639-a5b2-37df6aae5bc1
[21Jun2025 00:04:45.214] [Server thread/INFO] [com.alrex.parcool.ParCool/]: Limitation of 0e6df4b7-2964-3639-a5b2-37df6aae5bc1 was unloaded
[21Jun2025 00:05:06.560] [Server thread/INFO] [net.minecraft.server.network.ServerGamePacketListenerImpl/]: Angeltronix7005 lost connection: Disconnected
[21Jun2025 00:05:06.560] [Server thread/INFO] [net.minecraft.server.MinecraftServer/]: Angeltronix7005 left the game
[21Jun2025 00:05:06.561] [Server thread/INFO] [net.fexcraft.mod.fsmm.FSMM/]: Unloading account of literal{Angeltronix7005} || 3d0eb397-de0a-3271-9aff-8fc4e429df75
[21Jun2025 00:05:06.561] [Server thread/INFO] [com.alrex.parcool.ParCool/]: Limitation of 3d0eb397-de0a-3271-9aff-8fc4e429df75 was unloaded
[21Jun2025 00:05:56.505] [Server thread/INFO] [net.minecraft.server.network.ServerGamePacketListenerImpl/]: JustRaptor lost connection: Disconnected
[21Jun2025 00:05:56.506] [Server thread/INFO] [net.minecraft.server.MinecraftServer/]: JustRaptor left the game
[21Jun2025 00:05:56.507] [Server thread/INFO] [net.fexcraft.mod.fsmm.FSMM/]: Unloading account of literal{JustRaptor} || 4b84e15c-b816-3db6-9423-99e1b59e97fb
[21Jun2025 00:05:56.507] [Server thread/INFO] [com.alrex.parcool.ParCool/]: Limitation of 4b84e15c-b816-3db6-9423-99e1b59e97fb was unloaded
[21Jun2025 00:08:11.049] [Server thread/INFO] [net.minecraft.server.MinecraftServer/]: Unknown or incomplete command, see below for error
[21Jun2025 00:08:11.092] [Server thread/INFO] [net.minecraft.server.MinecraftServer/]: l<--[HERE]
[21Jun2025 00:30:16.150] [Server thread/INFO] [net.minecraft.server.MinecraftServer/]: Stopping the server
[21Jun2025 00:30:16.200] [Server thread/INFO] [net.minecraft.server.MinecraftServer/]: Stopping server
[21Jun2025 00:30:16.204] [Server thread/INFO] [net.minecraft.server.MinecraftServer/]: Saving players
[21Jun2025 00:30:16.206] [Server thread/INFO] [net.minecraft.server.MinecraftServer/]: Saving worlds
[21Jun2025 00:30:16.225] [Server thread/INFO] [net.minecraft.server.MinecraftServer/]: Saving chunks for level 'ServerLevel[world]'/minecraft:overworld
[21Jun2025 00:30:16.286] [Server thread/INFO] [net.minecraft.server.MinecraftServer/]: Saving chunks for level 'ServerLevel[world]'/minecraft:the_end
[21Jun2025 00:30:16.287] [Server thread/INFO] [net.minecraft.server.MinecraftServer/]: Saving chunks for level 'ServerLevel[world]'/minecraft:the_nether
[21Jun2025 00:30:16.329] [Server thread/INFO] [net.minecraft.server.MinecraftServer/]: ThreadedAnvilChunkStorage (world): All chunks are saved
[21Jun2025 00:30:16.332] [Server thread/INFO] [net.minecraft.server.MinecraftServer/]: ThreadedAnvilChunkStorage (DIM1): All chunks are saved
[21Jun2025 00:30:16.334] [Server thread/INFO] [net.minecraft.server.MinecraftServer/]: ThreadedAnvilChunkStorage (DIM-1): All chunks are saved
[21Jun2025 00:30:16.334] [Server thread/INFO] [net.minecraft.server.MinecraftServer/]: ThreadedAnvilChunkStorage: All dimensions are saved
[21Jun2025 00:30:16.395] [Server thread/INFO] [journeymap/]: Loading JourneyMap Forge Configs
